<?xml version="1.0" encoding="UTF-8"?>
<!-- Generated by org.testng.reporters.JUnitReportReporter -->
<testsuite skipped="0" hostname="sudheer-PC" name="com.OHRMS.testcasescripts.HomePageTest" tests="1" failures="0" timestamp="28 Jun 2019 03:00:04 GMT" time="10.749" errors="0">
  <testcase name="verifyHomePageTitleTest" time="10.749" classname="com.OHRMS.testcasescripts.HomePageTest"/>
</testsuite> <!-- com.OHRMS.testcasescripts.HomePageTest -->
